<html>
<head>
<title>TestNG:  Regression suite 1</title>
<link href="../testng.css" rel="stylesheet" type="text/css" />
<link href="../my-testng.css" rel="stylesheet" type="text/css" />

<style type="text/css">
.log { display: none;} 
.stack-trace { display: none;} 
</style>
<script type="text/javascript">
<!--
function flip(e) {
  current = e.style.display;
  if (current == 'block') {
    e.style.display = 'none';
    return 0;
  }
  else {
    e.style.display = 'block';
    return 1;
  }
}

function toggleBox(szDivId, elem, msg1, msg2)
{
  var res = -1;  if (document.getElementById) {
    res = flip(document.getElementById(szDivId));
  }
  else if (document.all) {
    // this is the way old msie versions work
    res = flip(document.all[szDivId]);
  }
  if(elem) {
    if(res == 0) elem.innerHTML = msg1; else elem.innerHTML = msg2;
  }

}

function toggleAllBoxes() {
  if (document.getElementsByTagName) {
    d = document.getElementsByTagName('div');
    for (i = 0; i < d.length; i++) {
      if (d[i].className == 'log') {
        flip(d[i]);
      }
    }
  }
}

// -->
</script>

</head>
<body>
<h2 align='center'>Regression suite 1</h2><table border='1' align="center">
<tr>
<td>Tests passed/Failed/Skipped:</td><td>9/2/3</td>
</tr><tr>
<td>Started on:</td><td>Thu Jun 15 07:48:08 IST 2017</td>
</tr>
<tr><td>Total time:</td><td>0 seconds (90 ms)</td>
</tr><tr>
<td>Included groups:</td><td></td>
</tr><tr>
<td>Excluded groups:</td><td></td>
</tr>
</table><p/>
<small><i>(Hover the method name to see the test class name)</i></small><p/>
<table width='100%' border='1' class='invocation-failed'>
<tr><td colspan='4' align='center'><b>FAILED TESTS</b></td></tr>
<tr><td><b>Test method</b></td>
<td width="30%"><b>Exception</b></td>
<td width="10%"><b>Time (seconds)</b></td>
<td><b>Instance</b></td>
</tr>
<tr>
<td title='TestNGDemos.TestNGSkipDemo.funB()'><b>funB</b><br>Test class: TestNGDemos.TestNGSkipDemo</td>
<td><div><pre>java.lang.ArithmeticException: / by zero
	at TestNGDemos.TestNGSkipDemo.funB(TestNGSkipDemo.java:26)
... Removed 24 stack frames</pre></div><a href='#' onClick='toggleBox("stack-trace1291286504", this, "Click to show all stack frames", "Click to hide stack frames")'>Click to show all stack frames</a>
<div class='stack-trace' id='stack-trace1291286504'><pre>java.lang.ArithmeticException: / by zero
	at TestNGDemos.TestNGSkipDemo.funB(TestNGSkipDemo.java:26)
	at sun.reflect.NativeMethodAccessorImpl.invoke0(Native Method)
	at sun.reflect.NativeMethodAccessorImpl.invoke(Unknown Source)
	at sun.reflect.DelegatingMethodAccessorImpl.invoke(Unknown Source)
	at java.lang.reflect.Method.invoke(Unknown Source)
	at org.testng.internal.MethodInvocationHelper.invokeMethod(MethodInvocationHelper.java:85)
	at org.testng.internal.Invoker.invokeMethod(Invoker.java:639)
	at org.testng.internal.Invoker.invokeTestMethod(Invoker.java:816)
	at org.testng.internal.Invoker.invokeTestMethods(Invoker.java:1124)
	at org.testng.internal.TestMethodWorker.invokeTestMethods(TestMethodWorker.java:125)
	at org.testng.internal.TestMethodWorker.run(TestMethodWorker.java:108)
	at org.testng.TestRunner.privateRun(TestRunner.java:774)
	at org.testng.TestRunner.run(TestRunner.java:624)
	at org.testng.SuiteRunner.runTest(SuiteRunner.java:359)
	at org.testng.SuiteRunner.runSequentially(SuiteRunner.java:354)
	at org.testng.SuiteRunner.privateRun(SuiteRunner.java:312)
	at org.testng.SuiteRunner.run(SuiteRunner.java:261)
	at org.testng.SuiteRunnerWorker.runSuite(SuiteRunnerWorker.java:52)
	at org.testng.SuiteRunnerWorker.run(SuiteRunnerWorker.java:86)
	at org.testng.TestNG.runSuitesSequentially(TestNG.java:1215)
	at org.testng.TestNG.runSuitesLocally(TestNG.java:1140)
	at org.testng.TestNG.run(TestNG.java:1048)
	at org.testng.remote.AbstractRemoteTestNG.run(AbstractRemoteTestNG.java:132)
	at org.testng.remote.RemoteTestNG.initAndRun(RemoteTestNG.java:230)
	at org.testng.remote.RemoteTestNG.main(RemoteTestNG.java:76)
</pre></div></td>
<td>0</td>
<td>TestNGDemos.TestNGSkipDemo@6d8a00e3</td></tr>
<tr>
<td title='TestNGDemos.TestNGDemo2.login()'><b>login</b><br>Test class: TestNGDemos.TestNGDemo2</td>
<td><div><pre>java.lang.ArithmeticException: / by zero
	at TestNGDemos.TestNGDemo2.login(TestNGDemo2.java:18)
... Removed 24 stack frames</pre></div><a href='#' onClick='toggleBox("stack-trace597255128", this, "Click to show all stack frames", "Click to hide stack frames")'>Click to show all stack frames</a>
<div class='stack-trace' id='stack-trace597255128'><pre>java.lang.ArithmeticException: / by zero
	at TestNGDemos.TestNGDemo2.login(TestNGDemo2.java:18)
	at sun.reflect.NativeMethodAccessorImpl.invoke0(Native Method)
	at sun.reflect.NativeMethodAccessorImpl.invoke(Unknown Source)
	at sun.reflect.DelegatingMethodAccessorImpl.invoke(Unknown Source)
	at java.lang.reflect.Method.invoke(Unknown Source)
	at org.testng.internal.MethodInvocationHelper.invokeMethod(MethodInvocationHelper.java:85)
	at org.testng.internal.Invoker.invokeMethod(Invoker.java:639)
	at org.testng.internal.Invoker.invokeTestMethod(Invoker.java:816)
	at org.testng.internal.Invoker.invokeTestMethods(Invoker.java:1124)
	at org.testng.internal.TestMethodWorker.invokeTestMethods(TestMethodWorker.java:125)
	at org.testng.internal.TestMethodWorker.run(TestMethodWorker.java:108)
	at org.testng.TestRunner.privateRun(TestRunner.java:774)
	at org.testng.TestRunner.run(TestRunner.java:624)
	at org.testng.SuiteRunner.runTest(SuiteRunner.java:359)
	at org.testng.SuiteRunner.runSequentially(SuiteRunner.java:354)
	at org.testng.SuiteRunner.privateRun(SuiteRunner.java:312)
	at org.testng.SuiteRunner.run(SuiteRunner.java:261)
	at org.testng.SuiteRunnerWorker.runSuite(SuiteRunnerWorker.java:52)
	at org.testng.SuiteRunnerWorker.run(SuiteRunnerWorker.java:86)
	at org.testng.TestNG.runSuitesSequentially(TestNG.java:1215)
	at org.testng.TestNG.runSuitesLocally(TestNG.java:1140)
	at org.testng.TestNG.run(TestNG.java:1048)
	at org.testng.remote.AbstractRemoteTestNG.run(AbstractRemoteTestNG.java:132)
	at org.testng.remote.RemoteTestNG.initAndRun(RemoteTestNG.java:230)
	at org.testng.remote.RemoteTestNG.main(RemoteTestNG.java:76)
</pre></div></td>
<td>0</td>
<td>TestNGDemos.TestNGDemo2@7c0e2abd</td></tr>
</table><p>
<table width='100%' border='1' class='invocation-passed'>
<tr><td colspan='4' align='center'><b>PASSED TESTS</b></td></tr>
<tr><td><b>Test method</b></td>
<td width="30%"><b>Exception</b></td>
<td width="10%"><b>Time (seconds)</b></td>
<td><b>Instance</b></td>
</tr>
<tr>
<td title='TestNGDemos.TestNGXML2.f()'><b>f</b><br>Test class: TestNGDemos.TestNGXML2</td>
<td></td>
<td>0</td>
<td>TestNGDemos.TestNGXML2@548b7f67</td></tr>
<tr>
<td title='TestNGDemos.TestNGDemo3.funA()'><b>funA</b><br>Test class: TestNGDemos.TestNGDemo3</td>
<td></td>
<td>0</td>
<td>TestNGDemos.TestNGDemo3@573f2bb1</td></tr>
<tr>
<td title='TestNGDemos.TestNGGroupsDemo.funA()'><b>funA</b><br>Test class: TestNGDemos.TestNGGroupsDemo</td>
<td></td>
<td>0</td>
<td>TestNGDemos.TestNGGroupsDemo@5ae9a829</td></tr>
<tr>
<td title='TestNGDemos.TestNGDemo3.funB()'><b>funB</b><br>Test class: TestNGDemos.TestNGDemo3</td>
<td></td>
<td>0</td>
<td>TestNGDemos.TestNGDemo3@573f2bb1</td></tr>
<tr>
<td title='TestNGDemos.TestNGGroupsDemo.funB()'><b>funB</b><br>Test class: TestNGDemos.TestNGGroupsDemo</td>
<td></td>
<td>0</td>
<td>TestNGDemos.TestNGGroupsDemo@5ae9a829</td></tr>
<tr>
<td title='TestNGDemos.TestNGDemo3.funC()'><b>funC</b><br>Test class: TestNGDemos.TestNGDemo3</td>
<td></td>
<td>0</td>
<td>TestNGDemos.TestNGDemo3@573f2bb1</td></tr>
<tr>
<td title='TestNGDemos.TestNGGroupsDemo.funC()'><b>funC</b><br>Test class: TestNGDemos.TestNGGroupsDemo</td>
<td></td>
<td>0</td>
<td>TestNGDemos.TestNGGroupsDemo@5ae9a829</td></tr>
<tr>
<td title='TestNGDemos.TestNGDemo3.funD()'><b>funD</b><br>Test class: TestNGDemos.TestNGDemo3</td>
<td></td>
<td>0</td>
<td>TestNGDemos.TestNGDemo3@573f2bb1</td></tr>
<tr>
<td title='TestNGDemos.TestNGGroupsDemo.funD()'><b>funD</b><br>Test class: TestNGDemos.TestNGGroupsDemo</td>
<td></td>
<td>0</td>
<td>TestNGDemos.TestNGGroupsDemo@5ae9a829</td></tr>
</table><p>
<table width='100%' border='1' class='invocation-skipped'>
<tr><td colspan='4' align='center'><b>SKIPPED TESTS</b></td></tr>
<tr><td><b>Test method</b></td>
<td width="30%"><b>Exception</b></td>
<td width="10%"><b>Time (seconds)</b></td>
<td><b>Instance</b></td>
</tr>
<tr>
<td title='TestNGDemos.TestNGDemo2.customerDetails()'><b>customerDetails</b><br>Test class: TestNGDemos.TestNGDemo2</td>
<td><div><pre>java.lang.Throwable: Method TestNGDemo2.customerDetails()[pri:1, instance:TestNGDemos.TestNGDemo2@7c0e2abd] depends on not successfully finished methods
... Removed 17 stack frames</pre></div><a href='#' onClick='toggleBox("stack-trace1597249648", this, "Click to show all stack frames", "Click to hide stack frames")'>Click to show all stack frames</a>
<div class='stack-trace' id='stack-trace1597249648'><pre>java.lang.Throwable: Method TestNGDemo2.customerDetails()[pri:1, instance:TestNGDemos.TestNGDemo2@7c0e2abd] depends on not successfully finished methods
	at org.testng.internal.Invoker.invokeTestMethods(Invoker.java:1033)
	at org.testng.internal.TestMethodWorker.invokeTestMethods(TestMethodWorker.java:125)
	at org.testng.internal.TestMethodWorker.run(TestMethodWorker.java:108)
	at org.testng.TestRunner.privateRun(TestRunner.java:774)
	at org.testng.TestRunner.run(TestRunner.java:624)
	at org.testng.SuiteRunner.runTest(SuiteRunner.java:359)
	at org.testng.SuiteRunner.runSequentially(SuiteRunner.java:354)
	at org.testng.SuiteRunner.privateRun(SuiteRunner.java:312)
	at org.testng.SuiteRunner.run(SuiteRunner.java:261)
	at org.testng.SuiteRunnerWorker.runSuite(SuiteRunnerWorker.java:52)
	at org.testng.SuiteRunnerWorker.run(SuiteRunnerWorker.java:86)
	at org.testng.TestNG.runSuitesSequentially(TestNG.java:1215)
	at org.testng.TestNG.runSuitesLocally(TestNG.java:1140)
	at org.testng.TestNG.run(TestNG.java:1048)
	at org.testng.remote.AbstractRemoteTestNG.run(AbstractRemoteTestNG.java:132)
	at org.testng.remote.RemoteTestNG.initAndRun(RemoteTestNG.java:230)
	at org.testng.remote.RemoteTestNG.main(RemoteTestNG.java:76)
</pre></div></td>
<td>0</td>
<td>null</td></tr>
<tr>
<td title='TestNGDemos.TestNGSkipDemo.funA()'><b>funA</b><br>Test class: TestNGDemos.TestNGSkipDemo</td>
<td><div><pre>java.lang.Throwable: Method TestNGSkipDemo.funA()[pri:0, instance:TestNGDemos.TestNGSkipDemo@6d8a00e3] depends on not successfully finished methods
... Removed 17 stack frames</pre></div><a href='#' onClick='toggleBox("stack-trace1887813102", this, "Click to show all stack frames", "Click to hide stack frames")'>Click to show all stack frames</a>
<div class='stack-trace' id='stack-trace1887813102'><pre>java.lang.Throwable: Method TestNGSkipDemo.funA()[pri:0, instance:TestNGDemos.TestNGSkipDemo@6d8a00e3] depends on not successfully finished methods
	at org.testng.internal.Invoker.invokeTestMethods(Invoker.java:1033)
	at org.testng.internal.TestMethodWorker.invokeTestMethods(TestMethodWorker.java:125)
	at org.testng.internal.TestMethodWorker.run(TestMethodWorker.java:108)
	at org.testng.TestRunner.privateRun(TestRunner.java:774)
	at org.testng.TestRunner.run(TestRunner.java:624)
	at org.testng.SuiteRunner.runTest(SuiteRunner.java:359)
	at org.testng.SuiteRunner.runSequentially(SuiteRunner.java:354)
	at org.testng.SuiteRunner.privateRun(SuiteRunner.java:312)
	at org.testng.SuiteRunner.run(SuiteRunner.java:261)
	at org.testng.SuiteRunnerWorker.runSuite(SuiteRunnerWorker.java:52)
	at org.testng.SuiteRunnerWorker.run(SuiteRunnerWorker.java:86)
	at org.testng.TestNG.runSuitesSequentially(TestNG.java:1215)
	at org.testng.TestNG.runSuitesLocally(TestNG.java:1140)
	at org.testng.TestNG.run(TestNG.java:1048)
	at org.testng.remote.AbstractRemoteTestNG.run(AbstractRemoteTestNG.java:132)
	at org.testng.remote.RemoteTestNG.initAndRun(RemoteTestNG.java:230)
	at org.testng.remote.RemoteTestNG.main(RemoteTestNG.java:76)
</pre></div></td>
<td>0</td>
<td>null</td></tr>
<tr>
<td title='TestNGDemos.TestNGSkipDemo.funD()'><b>funD</b><br>Test class: TestNGDemos.TestNGSkipDemo</td>
<td><div><pre>org.testng.SkipException: throwing exception
	at TestNGDemos.TestNGSkipDemo.funD(TestNGSkipDemo.java:40)
... Removed 24 stack frames</pre></div><a href='#' onClick='toggleBox("stack-trace1072601481", this, "Click to show all stack frames", "Click to hide stack frames")'>Click to show all stack frames</a>
<div class='stack-trace' id='stack-trace1072601481'><pre>org.testng.SkipException: throwing exception
	at TestNGDemos.TestNGSkipDemo.funD(TestNGSkipDemo.java:40)
	at sun.reflect.NativeMethodAccessorImpl.invoke0(Native Method)
	at sun.reflect.NativeMethodAccessorImpl.invoke(Unknown Source)
	at sun.reflect.DelegatingMethodAccessorImpl.invoke(Unknown Source)
	at java.lang.reflect.Method.invoke(Unknown Source)
	at org.testng.internal.MethodInvocationHelper.invokeMethod(MethodInvocationHelper.java:85)
	at org.testng.internal.Invoker.invokeMethod(Invoker.java:639)
	at org.testng.internal.Invoker.invokeTestMethod(Invoker.java:816)
	at org.testng.internal.Invoker.invokeTestMethods(Invoker.java:1124)
	at org.testng.internal.TestMethodWorker.invokeTestMethods(TestMethodWorker.java:125)
	at org.testng.internal.TestMethodWorker.run(TestMethodWorker.java:108)
	at org.testng.TestRunner.privateRun(TestRunner.java:774)
	at org.testng.TestRunner.run(TestRunner.java:624)
	at org.testng.SuiteRunner.runTest(SuiteRunner.java:359)
	at org.testng.SuiteRunner.runSequentially(SuiteRunner.java:354)
	at org.testng.SuiteRunner.privateRun(SuiteRunner.java:312)
	at org.testng.SuiteRunner.run(SuiteRunner.java:261)
	at org.testng.SuiteRunnerWorker.runSuite(SuiteRunnerWorker.java:52)
	at org.testng.SuiteRunnerWorker.run(SuiteRunnerWorker.java:86)
	at org.testng.TestNG.runSuitesSequentially(TestNG.java:1215)
	at org.testng.TestNG.runSuitesLocally(TestNG.java:1140)
	at org.testng.TestNG.run(TestNG.java:1048)
	at org.testng.remote.AbstractRemoteTestNG.run(AbstractRemoteTestNG.java:132)
	at org.testng.remote.RemoteTestNG.initAndRun(RemoteTestNG.java:230)
	at org.testng.remote.RemoteTestNG.main(RemoteTestNG.java:76)
</pre></div></td>
<td>0</td>
<td>TestNGDemos.TestNGSkipDemo@6d8a00e3</td></tr>
</table><p>
</body>
</html>